<?xml version="1.0" encoding="UTF-8"?>
<testng-results ignored="0" total="2" passed="2" failed="0" skipped="0">
  <reporter-output>
  </reporter-output>
  <suite started-at="2026-05-29T19:09:28 IST" name="Suite" finished-at="2026-05-29T19:09:43 IST" duration-ms="15024">
    <groups>
    </groups>
    <test started-at="2026-05-29T19:09:28 IST" name="Test" finished-at="2026-05-29T19:09:43 IST" duration-ms="15024">
      <class name="testCases.LoginTest">
        <test-method is-config="true" signature="setup(java.lang.String,java.lang.String)[pri:0, instance:testCases.LoginTest@1800a575]" started-at="2026-05-29T19:09:37 IST" name="setup" finished-at="2026-05-29T19:09:41 IST" duration-ms="3948" status="PASS">
          <params>
            <param index="0">
              <value>
                <![CDATA[chrome]]>
              </value>
            </param>
            <param index="1">
              <value>
                <![CDATA[windows]]>
              </value>
            </param>
          </params>
          <reporter-output>
          </reporter-output>
        </test-method> <!-- setup -->
        <test-method signature="verify_login()[pri:0, instance:testCases.LoginTest@1800a575]" started-at="2026-05-29T19:09:41 IST" name="verify_login" finished-at="2026-05-29T19:09:43 IST" duration-ms="2227" status="PASS">
          <reporter-output>
          </reporter-output>
        </test-method> <!-- verify_login -->
        <test-method is-config="true" signature="tearDown()[pri:0, instance:testCases.LoginTest@1800a575]" started-at="2026-05-29T19:09:43 IST" name="tearDown" finished-at="2026-05-29T19:09:43 IST" duration-ms="230" status="PASS">
          <reporter-output>
          </reporter-output>
        </test-method> <!-- tearDown -->
      </class> <!-- testCases.LoginTest -->
      <class name="testCases.AccountRegistrationTest">
        <test-method is-config="true" signature="setup(java.lang.String,java.lang.String)[pri:0, instance:testCases.AccountRegistrationTest@5a2d131d]" started-at="2026-05-29T19:09:29 IST" name="setup" finished-at="2026-05-29T19:09:34 IST" duration-ms="4963" status="PASS">
          <params>
            <param index="0">
              <value>
                <![CDATA[chrome]]>
              </value>
            </param>
            <param index="1">
              <value>
                <![CDATA[windows]]>
              </value>
            </param>
          </params>
          <reporter-output>
          </reporter-output>
        </test-method> <!-- setup -->
        <test-method signature="verify_account_registration()[pri:0, instance:testCases.AccountRegistrationTest@5a2d131d]" started-at="2026-05-29T19:09:34 IST" name="verify_account_registration" finished-at="2026-05-29T19:09:37 IST" duration-ms="3171" status="PASS">
          <reporter-output>
          </reporter-output>
        </test-method> <!-- verify_account_registration -->
        <test-method is-config="true" signature="tearDown()[pri:0, instance:testCases.AccountRegistrationTest@5a2d131d]" started-at="2026-05-29T19:09:37 IST" name="tearDown" finished-at="2026-05-29T19:09:37 IST" duration-ms="191" status="PASS">
          <reporter-output>
          </reporter-output>
        </test-method> <!-- tearDown -->
      </class> <!-- testCases.AccountRegistrationTest -->
    </test> <!-- Test -->
  </suite> <!-- Suite -->
</testng-results>
