<?xml version="1.0" encoding="UTF-8"?>
<testng-results ignored="0" total="2" passed="2" failed="0" skipped="0">
  <reporter-output>
  </reporter-output>
  <suite started-at="2026-05-29T13:34:00 IST" name="Suite" finished-at="2026-05-29T13:34:20 IST" duration-ms="19683">
    <groups>
    </groups>
    <test started-at="2026-05-29T13:34:00 IST" name="Test" finished-at="2026-05-29T13:34:20 IST" duration-ms="19683">
      <class name="testCases.LoginTest">
        <test-method is-config="true" signature="setup(java.lang.String,java.lang.String)[pri:0, instance:testCases.LoginTest@561868a0]" started-at="2026-05-29T13:34:13 IST" name="setup" finished-at="2026-05-29T13:34:18 IST" duration-ms="4364" status="PASS">
          <params>
            <param index="0">
              <value>
                <![CDATA[chrome]]>
              </value>
            </param>
            <param index="1">
              <value>
                <![CDATA[windows]]>
              </value>
            </param>
          </params>
          <reporter-output>
          </reporter-output>
        </test-method> <!-- setup -->
        <test-method signature="verify_login()[pri:0, instance:testCases.LoginTest@561868a0]" started-at="2026-05-29T13:34:18 IST" name="verify_login" finished-at="2026-05-29T13:34:20 IST" duration-ms="2045" status="PASS">
          <reporter-output>
          </reporter-output>
        </test-method> <!-- verify_login -->
        <test-method is-config="true" signature="tearDown()[pri:0, instance:testCases.LoginTest@561868a0]" started-at="2026-05-29T13:34:20 IST" name="tearDown" finished-at="2026-05-29T13:34:20 IST" duration-ms="197" status="PASS">
          <reporter-output>
          </reporter-output>
        </test-method> <!-- tearDown -->
      </class> <!-- testCases.LoginTest -->
      <class name="testCases.AccountRegistrationTest">
        <test-method is-config="true" signature="setup(java.lang.String,java.lang.String)[pri:0, instance:testCases.AccountRegistrationTest@16ce702d]" started-at="2026-05-29T13:34:01 IST" name="setup" finished-at="2026-05-29T13:34:09 IST" duration-ms="8525" status="PASS">
          <params>
            <param index="0">
              <value>
                <![CDATA[chrome]]>
              </value>
            </param>
            <param index="1">
              <value>
                <![CDATA[windows]]>
              </value>
            </param>
          </params>
          <reporter-output>
          </reporter-output>
        </test-method> <!-- setup -->
        <test-method signature="verify_account_registration()[pri:0, instance:testCases.AccountRegistrationTest@16ce702d]" started-at="2026-05-29T13:34:09 IST" name="verify_account_registration" finished-at="2026-05-29T13:34:13 IST" duration-ms="3868" status="PASS">
          <reporter-output>
          </reporter-output>
        </test-method> <!-- verify_account_registration -->
        <test-method is-config="true" signature="tearDown()[pri:0, instance:testCases.AccountRegistrationTest@16ce702d]" started-at="2026-05-29T13:34:13 IST" name="tearDown" finished-at="2026-05-29T13:34:13 IST" duration-ms="141" status="PASS">
          <reporter-output>
          </reporter-output>
        </test-method> <!-- tearDown -->
      </class> <!-- testCases.AccountRegistrationTest -->
    </test> <!-- Test -->
  </suite> <!-- Suite -->
</testng-results>
